<?xml version="1.0" encoding="UTF-8"?>
<!-- Generated by org.testng.reporters.JUnitReportReporter -->
<testsuite hostname="Lemon" failures="0" tests="1" name="test.TestLoginPageSimple" time="9.041" errors="0" timestamp="2023-11-01T13:52:46 ICT" skipped="0">
  <testcase classname="test.TestLoginPageSimple" name="testLoginPage" time="9.041"/>
</testsuite> <!-- test.TestLoginPageSimple -->
